mai 05, 2025 10:28:48 AM logger.LoggerFactory getLogger
INFOS: log file created
mai 05, 2025 10:28:49 AM application.MainFX start
INFOS: Loading FXML file ...
mai 05, 2025 10:28:49 AM application.MainFX start
INFOS: Setting up controller
mai 05, 2025 10:28:49 AM application.MainFX start
INFOS: Setting up GUI...
mai 05, 2025 10:28:55 AM application.Controller onOpenAction
INFOS: Open Action triggered ...
mai 05, 2025 10:28:57 AM application.Controller onSaveAction
INFOS: Undo Action triggered ...
mai 05, 2025 10:28:57 AM application.Controller onSaveAction
INFOS: Undo Action triggered ...
mai 05, 2025 10:28:58 AM application.Controller quitActionImpl
INFOS: Quit action triggered
mai 05, 2025 10:28:58 AM application.Controller savePreferences
INFOS: Save log level preference = INFO
mai 05, 2025 10:28:58 AM application.Controller savePreferences
INFOS: Save width preference = 1550.4000244140625
mai 05, 2025 10:28:58 AM application.Controller savePreferences
INFOS: Save height preference = 926.4000244140625
mai 05, 2025 10:28:58 AM application.Controller savePreferences
INFOS: Save Buttons display style preference = Graphics Only
mai 05, 2025 10:28:58 AM application.Controller savePreferences
INFOS: Save number type preference = Doubles
